2025-07-16 12:16:42,338 | g2_inventory_debug | DEBUG | log_g2_debug | [12:16:4] WebSocket client connected: uOaQSKJxsUsHSBDdAAAB
2025-07-16 12:16:42,339 | g2_inventory_debug | DEBUG | log_g2_debug | [12:16:4] Total connected clients: 1
2025-07-16 12:17:17,310 | g2_inventory_debug | DEBUG | log_g2_debug | [12:17:1] WebSocket client connected: qSf9zYe68ch3z1y2AAAB
2025-07-16 12:17:17,311 | g2_inventory_debug | DEBUG | log_g2_debug | [12:17:1] Total connected clients: 1
2025-07-16 14:59:33,003 | g2_inventory_debug | DEBUG | log_g2_debug | [14:59:3] WebSocket client connected: UOPz6wUXLEs83tNUAAAB
2025-07-16 14:59:33,011 | g2_inventory_debug | DEBUG | log_g2_debug | [14:59:3] Total connected clients: 1
2025-07-16 14:59:36,051 | g2_inventory_debug | DEBUG | log_g2_debug | [14:59:3] WebSocket client disconnected: UOPz6wUXLEs83tNUAAAB
2025-07-16 14:59:36,051 | g2_inventory_debug | DEBUG | log_g2_debug | [14:59:3] Total connected clients: 0
2025-07-16 14:59:36,169 | g2_inventory_debug | DEBUG | log_g2_debug | [14:59:3] WebSocket client connected: AE1r3mvF86ZM0vPSAAAD
2025-07-16 14:59:36,170 | g2_inventory_debug | DEBUG | log_g2_debug | [14:59:3] Total connected clients: 1
2025-07-16 15:01:00,073 | g2_inventory_debug | DEBUG | log_g2_debug | [15:01:0] WebSocket client connected: 2Ma6CGuwtaLmpf3dAAAB
2025-07-16 15:01:00,076 | g2_inventory_debug | DEBUG | log_g2_debug | [15:01:0] Total connected clients: 1
2025-07-16 15:01:00,340 | g2_inventory_debug | DEBUG | log_g2_debug | [15:01:0] WebSocket client disconnected: 2Ma6CGuwtaLmpf3dAAAB
2025-07-16 15:01:00,340 | g2_inventory_debug | DEBUG | log_g2_debug | [15:01:0] Total connected clients: 0
2025-07-16 15:01:00,363 | g2_inventory_debug | DEBUG | log_g2_debug | [15:01:0] WebSocket client connected: DRvHLsOdmcM-X3bVAAAD
2025-07-16 15:01:00,364 | g2_inventory_debug | DEBUG | log_g2_debug | [15:01:0] Total connected clients: 1
2025-07-16 15:01:44,366 | g2_inventory_debug | DEBUG | log_g2_debug | [15:01:4] WebSocket client connected: zj2qdAZyrSFFA5NEAAAB
2025-07-16 15:01:44,367 | g2_inventory_debug | DEBUG | log_g2_debug | [15:01:4] Total connected clients: 1
2025-07-16 15:02:24,380 | g2_inventory_debug | DEBUG | log_g2_debug | [15:02:2] WebSocket client connected: fvLrJKaGg9va-M6uAAAB
2025-07-16 15:02:24,384 | g2_inventory_debug | DEBUG | log_g2_debug | [15:02:2] Total connected clients: 1
2025-07-16 15:02:26,963 | g2_inventory_debug | DEBUG | log_g2_debug | [15:02:2] WebSocket client disconnected: fvLrJKaGg9va-M6uAAAB
2025-07-16 15:02:26,963 | g2_inventory_debug | DEBUG | log_g2_debug | [15:02:2] Total connected clients: 0
2025-07-16 15:02:27,052 | g2_inventory_debug | DEBUG | log_g2_debug | [15:02:2] WebSocket client connected: vBDGEcrka11KHu6BAAAD
2025-07-16 15:02:27,054 | g2_inventory_debug | DEBUG | log_g2_debug | [15:02:2] Total connected clients: 1
2025-07-16 15:04:54,015 | g2_inventory_debug | DEBUG | log_g2_debug | [15:04:5] WebSocket client connected: ZiLFacMuvYzaYArJAAAB
2025-07-16 15:04:54,017 | g2_inventory_debug | DEBUG | log_g2_debug | [15:04:5] Total connected clients: 1
2025-07-16 15:04:54,407 | g2_inventory_debug | DEBUG | log_g2_debug | [15:04:5] WebSocket client disconnected: ZiLFacMuvYzaYArJAAAB
2025-07-16 15:04:54,408 | g2_inventory_debug | DEBUG | log_g2_debug | [15:04:5] Total connected clients: 0
2025-07-16 15:04:54,530 | g2_inventory_debug | DEBUG | log_g2_debug | [15:04:5] WebSocket client connected: a8JSKrs5BqGjPoPBAAAD
2025-07-16 15:04:54,531 | g2_inventory_debug | DEBUG | log_g2_debug | [15:04:5] Total connected clients: 1
2025-07-16 15:05:20,262 | g2_inventory_debug | DEBUG | log_g2_debug | [15:05:2] WebSocket client connected: RfUxGlj1CorhVbcDAAAB
2025-07-16 15:05:20,262 | g2_inventory_debug | DEBUG | log_g2_debug | [15:05:2] Total connected clients: 1
2025-07-16 15:05:21,013 | g2_inventory_debug | DEBUG | log_g2_debug | [15:05:2] WebSocket client disconnected: RfUxGlj1CorhVbcDAAAB
2025-07-16 15:05:21,013 | g2_inventory_debug | DEBUG | log_g2_debug | [15:05:2] Total connected clients: 0
2025-07-16 15:05:21,098 | g2_inventory_debug | DEBUG | log_g2_debug | [15:05:2] WebSocket client connected: bxxUi5qy8UPkxUV0AAAD
2025-07-16 15:05:21,099 | g2_inventory_debug | DEBUG | log_g2_debug | [15:05:2] Total connected clients: 1
2025-07-16 15:06:40,995 | g2_inventory_debug | DEBUG | log_g2_debug | [15:06:4] WebSocket client connected: PBZi6noAV1-usQaQAAAB
2025-07-16 15:06:41,003 | g2_inventory_debug | DEBUG | log_g2_debug | [15:06:4] Total connected clients: 1
2025-07-16 15:06:42,491 | g2_inventory_debug | DEBUG | log_g2_debug | [15:06:4] WebSocket client disconnected: PBZi6noAV1-usQaQAAAB
2025-07-16 15:06:42,491 | g2_inventory_debug | DEBUG | log_g2_debug | [15:06:4] Total connected clients: 0
2025-07-16 15:06:42,576 | g2_inventory_debug | DEBUG | log_g2_debug | [15:06:4] WebSocket client connected: JChJzlP7SJh_dxjBAAAD
2025-07-16 15:06:42,576 | g2_inventory_debug | DEBUG | log_g2_debug | [15:06:4] Total connected clients: 1
2025-07-16 15:15:51,068 | g2_inventory_debug | DEBUG | log_g2_debug | [15:15:5] WebSocket client connected: lm0yWU6p1wvPmkkaAAAB
2025-07-16 15:15:51,068 | g2_inventory_debug | DEBUG | log_g2_debug | [15:15:5] Total connected clients: 1
2025-07-16 15:16:15,551 | g2_inventory_debug | DEBUG | log_g2_debug | [15:16:1] WebSocket client disconnected: lm0yWU6p1wvPmkkaAAAB
2025-07-16 15:16:15,551 | g2_inventory_debug | DEBUG | log_g2_debug | [15:16:1] Total connected clients: 0
2025-07-16 15:16:15,688 | g2_inventory_debug | DEBUG | log_g2_debug | [15:16:1] WebSocket client connected: ok9rm9FQDdTPVePnAAAD
2025-07-16 15:16:15,688 | g2_inventory_debug | DEBUG | log_g2_debug | [15:16:1] Total connected clients: 1
2025-07-16 15:16:51,029 | g2_inventory_debug | DEBUG | log_g2_debug | [15:16:5] WebSocket client connected: WKpOMAM-DINnsYwgAAAB
2025-07-16 15:16:51,030 | g2_inventory_debug | DEBUG | log_g2_debug | [15:16:5] Total connected clients: 1
2025-07-16 15:16:51,846 | g2_inventory_debug | DEBUG | log_g2_debug | [15:16:5] WebSocket client disconnected: WKpOMAM-DINnsYwgAAAB
2025-07-16 15:16:51,846 | g2_inventory_debug | DEBUG | log_g2_debug | [15:16:5] Total connected clients: 0
2025-07-16 15:16:51,979 | g2_inventory_debug | DEBUG | log_g2_debug | [15:16:5] WebSocket client connected: 5lrKGPOv9P7jtONSAAAD
2025-07-16 15:16:51,981 | g2_inventory_debug | DEBUG | log_g2_debug | [15:16:5] Total connected clients: 1
2025-07-16 15:18:39,044 | g2_inventory_debug | DEBUG | log_g2_debug | [15:18:3] WebSocket client connected: YiiAvxRVhOpQPSwVAAAB
2025-07-16 15:18:39,044 | g2_inventory_debug | DEBUG | log_g2_debug | [15:18:3] Total connected clients: 1
2025-07-16 15:18:41,077 | g2_inventory_debug | DEBUG | log_g2_debug | [15:18:4] WebSocket client disconnected: YiiAvxRVhOpQPSwVAAAB
2025-07-16 15:18:41,077 | g2_inventory_debug | DEBUG | log_g2_debug | [15:18:4] Total connected clients: 0
2025-07-16 15:18:41,219 | g2_inventory_debug | DEBUG | log_g2_debug | [15:18:4] WebSocket client connected: Uteo1pPj9PLidAmQAAAD
2025-07-16 15:18:41,231 | g2_inventory_debug | DEBUG | log_g2_debug | [15:18:4] Total connected clients: 1
2025-07-16 15:23:29,496 | g2_inventory_debug | DEBUG | log_g2_debug | [15:23:2] WebSocket client connected: V6KiOzZl0qIGt1lKAAAB
2025-07-16 15:23:29,498 | g2_inventory_debug | DEBUG | log_g2_debug | [15:23:2] Total connected clients: 1
2025-07-16 15:24:36,782 | g2_inventory_debug | DEBUG | log_g2_debug | [15:24:3] WebSocket client connected: r_Q8AxPqBkzbmFSBAAAB
2025-07-16 15:24:36,783 | g2_inventory_debug | DEBUG | log_g2_debug | [15:24:3] Total connected clients: 1
2025-07-16 15:25:12,621 | g2_inventory_debug | DEBUG | log_g2_debug | [15:25:1] WebSocket client connected: g7lW5a4w8WMWu1QbAAAB
2025-07-16 15:25:12,622 | g2_inventory_debug | DEBUG | log_g2_debug | [15:25:1] Total connected clients: 1
2025-07-16 15:25:14,112 | g2_inventory_debug | DEBUG | log_g2_debug | [15:25:1] WebSocket client disconnected: g7lW5a4w8WMWu1QbAAAB
2025-07-16 15:25:14,112 | g2_inventory_debug | DEBUG | log_g2_debug | [15:25:1] Total connected clients: 0
2025-07-16 15:25:14,249 | g2_inventory_debug | DEBUG | log_g2_debug | [15:25:1] WebSocket client connected: suaB8IzNXJXamGbhAAAD
2025-07-16 15:25:14,250 | g2_inventory_debug | DEBUG | log_g2_debug | [15:25:1] Total connected clients: 1
2025-07-16 15:26:14,777 | g2_inventory_debug | DEBUG | log_g2_debug | [15:26:1] WebSocket client connected: VKDWUXulPHGc1467AAAB
2025-07-16 15:26:14,782 | g2_inventory_debug | DEBUG | log_g2_debug | [15:26:1] Total connected clients: 1
2025-07-16 15:26:19,731 | g2_inventory_debug | DEBUG | log_g2_debug | [15:26:1] WebSocket client disconnected: VKDWUXulPHGc1467AAAB
2025-07-16 15:26:19,732 | g2_inventory_debug | DEBUG | log_g2_debug | [15:26:1] Total connected clients: 0
2025-07-16 15:26:19,878 | g2_inventory_debug | DEBUG | log_g2_debug | [15:26:1] WebSocket client connected: wyMV0I572WR4NHqrAAAD
2025-07-16 15:26:19,882 | g2_inventory_debug | DEBUG | log_g2_debug | [15:26:1] Total connected clients: 1
2025-07-16 15:26:23,216 | g2_inventory_debug | DEBUG | log_g2_debug | [15:26:2] WebSocket client disconnected: wyMV0I572WR4NHqrAAAD
2025-07-16 15:26:23,217 | g2_inventory_debug | DEBUG | log_g2_debug | [15:26:2] Total connected clients: 0
2025-07-16 15:26:23,296 | g2_inventory_debug | DEBUG | log_g2_debug | [15:26:2] WebSocket client connected: H0t6FcGDSNl7CgkLAAAF
2025-07-16 15:26:23,296 | g2_inventory_debug | DEBUG | log_g2_debug | [15:26:2] Total connected clients: 1
2025-07-16 15:28:06,153 | g2_inventory_debug | DEBUG | log_g2_debug | [15:28:0] WebSocket client connected: NhKeCK65Npx8X_ksAAAB
2025-07-16 15:28:06,154 | g2_inventory_debug | DEBUG | log_g2_debug | [15:28:0] Total connected clients: 1
2025-07-16 15:28:07,973 | g2_inventory_debug | DEBUG | log_g2_debug | [15:28:0] WebSocket client disconnected: NhKeCK65Npx8X_ksAAAB
2025-07-16 15:28:07,973 | g2_inventory_debug | DEBUG | log_g2_debug | [15:28:0] Total connected clients: 0
2025-07-16 15:28:08,082 | g2_inventory_debug | DEBUG | log_g2_debug | [15:28:0] WebSocket client connected: w6BC4hY14Ny2A2P1AAAD
2025-07-16 15:28:08,083 | g2_inventory_debug | DEBUG | log_g2_debug | [15:28:0] Total connected clients: 1
2025-07-16 15:28:19,194 | g2_inventory_debug | DEBUG | log_g2_debug | [15:28:1] WebSocket client disconnected: w6BC4hY14Ny2A2P1AAAD
2025-07-16 15:28:19,195 | g2_inventory_debug | DEBUG | log_g2_debug | [15:28:1] Total connected clients: 0
2025-07-16 15:28:19,279 | g2_inventory_debug | DEBUG | log_g2_debug | [15:28:1] WebSocket client connected: _zEEYFOLZJ_Y7vzdAAAF
2025-07-16 15:28:19,310 | g2_inventory_debug | DEBUG | log_g2_debug | [15:28:1] Total connected clients: 1
2025-07-16 15:29:20,093 | g2_inventory_debug | DEBUG | log_g2_debug | [15:29:2] WebSocket client connected: B8PpBPIRL95U0fI2AAAB
2025-07-16 15:29:20,101 | g2_inventory_debug | DEBUG | log_g2_debug | [15:29:2] Total connected clients: 1
2025-07-16 15:29:20,235 | g2_inventory_debug | DEBUG | log_g2_debug | [15:29:2] WebSocket client disconnected: B8PpBPIRL95U0fI2AAAB
2025-07-16 15:29:20,235 | g2_inventory_debug | DEBUG | log_g2_debug | [15:29:2] Total connected clients: 0
2025-07-16 15:29:20,343 | g2_inventory_debug | DEBUG | log_g2_debug | [15:29:2] WebSocket client connected: b92jBXY0orV4sibcAAAD
2025-07-16 15:29:20,344 | g2_inventory_debug | DEBUG | log_g2_debug | [15:29:2] Total connected clients: 1
